2025-12-07 11:48:00 | INFO | repo=Aula1_GIT | action=edit | files=2
2025-01-14 11:53:00 | DEBUG | repo=Aula1_GIT | action=test | passed=true
2025-09-06 20:56:00 | WARN | repo=Aula1_GIT | action=pull
2025-01-20 21:40:00 | DEBUG | repo=Aula1_GIT | action=commit
2025-08-07 14:10:00 | WARN | repo=Aula1_GIT | action=commit
2025-01-07 14:58:00 | WARN | repo=Aula1_GIT | action=commit
2025-09-26 13:35:00 | DEBUG | repo=Aula1_GIT | action=pull
2025-07-28 10:56:00 | WARN | repo=Aula1_GIT | action=commit
2025-01-12 07:41:00 | WARN | repo=Aula1_GIT | action=commit
2025-01-20 07:59:00 | WARN | repo=Aula1_GIT | action=commit
2025-11-06 08:05:00 | INFO | repo=Aula1_GIT | action=commit
2025-07-06 21:22:00 | WARN | repo=Aula1_GIT | action=pull
2025-08-01 13:37:00 | WARN | repo=Aula1_GIT | action=commit
2025-02-11 15:49:00 | DEBUG | repo=Aula1_GIT | action=edit | files=2
2025-03-08 09:08:00 | WARN | repo=Aula1_GIT | action=commit
2025-10-03 16:44:00 | INFO | repo=Aula1_GIT | action=commit
2025-12-27 12:20:00 | WARN | repo=Aula1_GIT | action=pull
2025-05-17 18:49:00 | WARN | repo=Aula1_GIT | action=edit | files=5
2025-10-21 10:44:00 | INFO | repo=Aula1_GIT | action=edit | files=3
2025-10-27 20:46:00 | WARN | repo=Aula1_GIT | action=pull
2025-08-15 08:58:00 | WARN | repo=Aula1_GIT | action=commit
2025-06-02 15:47:00 | DEBUG | repo=Aula1_GIT | action=commit
2025-09-16 10:48:00 | WARN | repo=Aula1_GIT | action=commit
2025-03-16 07:19:00 | INFO | repo=Aula1_GIT | action=commit
2025-03-21 17:00:00 | DEBUG | repo=Aula1_GIT | action=test | passed=true
2025-11-04 14:49:00 | WARN | repo=Aula1_GIT | action=commit
2025-01-22 18:43:00 | INFO | repo=Aula1_GIT | action=commit
2025-02-21 11:39:00 | WARN | repo=Aula1_GIT | action=commit
2025-02-18 07:03:00 | INFO | repo=Aula1_GIT | action=commit
2025-06-21 16:19:00 | DEBUG | repo=Aula1_GIT | action=commit
2025-12-13 08:57:00 | INFO | repo=Aula1_GIT | action=test | passed=true
2025-05-04 11:09:00 | DEBUG | repo=Aula1_GIT | action=commit
2025-07-28 10:07:00 | DEBUG | repo=Aula1_GIT | action=commit
2025-06-19 09:48:00 | DEBUG | repo=Aula1_GIT | action=commit
2025-05-10 18:11:00 | DEBUG | repo=Aula1_GIT | action=commit
2025-09-10 07:27:00 | WARN | repo=Aula1_GIT | action=pull
2025-02-16 11:34:00 | WARN | repo=Aula1_GIT | action=commit
2025-09-07 19:42:00 | INFO | repo=Aula1_GIT | action=edit | files=3
2025-07-02 14:41:00 | INFO | repo=Aula1_GIT | action=commit
2025-08-03 07:36:00 | INFO | repo=Aula1_GIT | action=commit
2025-10-14 20:26:00 | INFO | repo=Aula1_GIT | action=pull
2025-06-17 14:24:00 | INFO | repo=Aula1_GIT | action=test | passed=true
2025-02-10 08:51:00 | DEBUG | repo=Aula1_GIT | action=commit
2025-03-22 09:11:00 | DEBUG | repo=Aula1_GIT | action=commit
2025-12-28 07:57:00 | DEBUG | repo=Aula1_GIT | action=commit
2025-11-07 19:15:00 | WARN | repo=Aula1_GIT | action=test | passed=true
2025-10-28 21:54:00 | DEBUG | repo=Aula1_GIT | action=test | passed=true
2025-02-27 17:29:00 | WARN | repo=Aula1_GIT | action=commit
2025-09-05 07:41:00 | DEBUG | repo=Aula1_GIT | action=commit
2025-11-26 15:39:00 | DEBUG | repo=Aula1_GIT | action=commit
2025-10-26 21:28:00 | WARN | repo=Aula1_GIT | action=commit
2025-12-01 21:31:00 | DEBUG | repo=Aula1_GIT | action=edit | files=2
2025-09-21 08:32:00 | WARN | repo=Aula1_GIT | action=commit
2025-09-01 18:03:00 | INFO | repo=Aula1_GIT | action=commit
2025-10-16 10:36:00 | DEBUG | repo=Aula1_GIT | action=commit
2025-12-17 20:18:00 | INFO | repo=Aula1_GIT | action=test | passed=true
2025-10-09 19:31:00 | DEBUG | repo=Aula1_GIT | action=edit | files=2
2025-02-18 08:44:00 | DEBUG | repo=Aula1_GIT | action=commit
2025-11-10 17:57:00 | INFO | repo=Aula1_GIT | action=test | passed=true
2025-11-18 17:15:00 | INFO | repo=Aula1_GIT | action=commit
2025-09-01 19:32:00 | DEBUG | repo=Aula1_GIT | action=commit
2025-07-19 20:32:00 | WARN | repo=Aula1_GIT | action=test | passed=true
2025-09-25 17:51:00 | DEBUG | repo=Aula1_GIT | action=commit
2025-10-09 18:34:00 | INFO | repo=Aula1_GIT | action=test | passed=true
2025-03-08 13:02:00 | WARN | repo=Aula1_GIT | action=pull
2025-08-20 08:08:00 | INFO | repo=Aula1_GIT | action=commit
2025-01-21 12:25:00 | INFO | repo=Aula1_GIT | action=commit
2025-03-28 14:41:00 | DEBUG | repo=Aula1_GIT | action=test | passed=true
2025-09-19 16:13:00 | INFO | repo=Aula1_GIT | action=commit
2025-06-06 17:48:00 | DEBUG | repo=Aula1_GIT | action=test | passed=true
2025-07-17 18:51:00 | DEBUG | repo=Aula1_GIT | action=edit | files=5
2025-01-28 09:57:00 | INFO | repo=Aula1_GIT | action=commit
2025-06-01 08:36:00 | DEBUG | repo=Aula1_GIT | action=commit
2025-07-10 19:45:00 | WARN | repo=Aula1_GIT | action=commit
2025-03-14 13:38:00 | DEBUG | repo=Aula1_GIT | action=pull
2025-05-24 09:29:00 | WARN | repo=Aula1_GIT | action=commit
2025-09-08 18:06:00 | WARN | repo=Aula1_GIT | action=test | passed=true
2025-04-10 07:11:00 | INFO | repo=Aula1_GIT | action=commit
2025-01-22 18:11:00 | DEBUG | repo=Aula1_GIT | action=commit
2025-11-11 12:56:00 | DEBUG | repo=Aula1_GIT | action=commit
2025-08-06 19:09:00 | INFO | repo=Aula1_GIT | action=commit
2025-07-18 13:22:00 | WARN | repo=Aula1_GIT | action=edit | files=4
2025-02-24 11:25:00 | DEBUG | repo=Aula1_GIT | action=commit
2025-07-02 15:01:00 | INFO | repo=Aula1_GIT | action=test | passed=true
2025-01-20 12:16:00 | DEBUG | repo=Aula1_GIT | action=commit
2025-04-19 10:49:00 | DEBUG | repo=Aula1_GIT | action=pull
2025-06-28 17:16:00 | WARN | repo=Aula1_GIT | action=commit
2025-12-07 10:28:00 | INFO | repo=Aula1_GIT | action=commit
2025-10-23 15:19:00 | WARN | repo=Aula1_GIT | action=commit
2025-03-06 13:47:00 | INFO | repo=Aula1_GIT | action=commit
2025-05-12 16:38:00 | DEBUG | repo=Aula1_GIT | action=commit
2025-08-12 21:04:00 | WARN | repo=Aula1_GIT | action=pull
2025-04-12 14:21:00 | WARN | repo=Aula1_GIT | action=commit
2025-09-14 15:54:00 | WARN | repo=Aula1_GIT | action=pull
2025-08-12 15:16:00 | DEBUG | repo=Aula1_GIT | action=pull
2025-05-20 14:25:00 | DEBUG | repo=Aula1_GIT | action=commit
2025-06-11 07:15:00 | INFO | repo=Aula1_GIT | action=commit
2025-10-02 13:08:00 | WARN | repo=Aula1_GIT | action=test | passed=true
2025-09-05 07:53:00 | INFO | repo=Aula1_GIT | action=commit
2025-01-22 18:12:00 | INFO | repo=Aula1_GIT | action=commit
2025-12-17 14:31:00 | DEBUG | repo=Aula1_GIT | action=commit
2025-11-02 11:52:00 | INFO | repo=Aula1_GIT | action=commit
2025-04-14 20:25:00 | INFO | repo=Aula1_GIT | action=test | passed=true
2025-02-03 18:18:00 | WARN | repo=Aula1_GIT | action=commit
2025-04-03 08:16:00 | DEBUG | repo=Aula1_GIT | action=commit
2025-09-02 21:45:00 | DEBUG | repo=Aula1_GIT | action=commit
2025-02-28 11:19:00 | INFO | repo=Aula1_GIT | action=commit
2025-01-17 18:39:00 | WARN | repo=Aula1_GIT | action=pull
2025-04-02 07:51:00 | INFO | repo=Aula1_GIT | action=commit
2025-09-17 13:49:00 | WARN | repo=Aula1_GIT | action=edit | files=1
2025-05-21 20:48:00 | DEBUG | repo=Aula1_GIT | action=pull
2025-11-28 17:57:00 | DEBUG | repo=Aula1_GIT | action=pull
2025-01-09 07:50:00 | INFO | repo=Aula1_GIT | action=commit
2025-01-05 09:33:00 | WARN | repo=Aula1_GIT | action=pull
2025-06-20 11:41:00 | INFO | repo=Aula1_GIT | action=pull
2025-12-11 14:19:00 | DEBUG | repo=Aula1_GIT | action=commit
2025-08-08 16:20:00 | WARN | repo=Aula1_GIT | action=commit
2025-07-17 13:20:00 | DEBUG | repo=Aula1_GIT | action=commit
2025-06-02 07:32:00 | DEBUG | repo=Aula1_GIT | action=commit
2025-07-07 16:47:00 | INFO | repo=Aula1_GIT | action=commit
2025-10-08 18:33:00 | DEBUG | repo=Aula1_GIT | action=commit
2025-11-04 07:25:00 | WARN | repo=Aula1_GIT | action=commit
2025-09-24 14:59:00 | INFO | repo=Aula1_GIT | action=commit
2025-09-27 10:39:00 | DEBUG | repo=Aula1_GIT | action=commit
2025-06-16 07:04:00 | INFO | repo=Aula1_GIT | action=test | passed=true
2025-01-15 11:16:00 | WARN | repo=Aula1_GIT | action=commit
